[    0.000000] Initializing cgroup subsys cpuset
[    0.000000] Initializing cgroup subsys cpu
[    0.000000] Initializing cgroup subsys cpuacct
[    0.000000] Linux version 4.4.0-93-generic (buildd@lgw01-03) (gcc version 5.4.0 20160609 (Ubuntu 5.4.0-6ubuntu1~16.04.4) ) #116-Ubuntu SMP Fri Aug 11 21:17:51 UTC 2017 (Ubuntu 4.4.0-93.116-generic 4.4.79)
[    0.000000] Command line: BOOT_IMAGE=/boot/vmlinuz-4.4.0-93-generic root=LABEL=cloudimg-rootfs ro console=tty1 console=ttyS0
[    0.000000] KERNEL supported cpus:
[    0.000000]   Intel GenuineIntel
[    0.000000]   AMD AuthenticAMD
[    0.000000]   Centaur CentaurHauls
[    0.000000] ------------[ cut here ]------------
[    0.000000] WARNING: CPU: 0 PID: 0 at /build/linux-YyUNAI/linux-4.4.0/arch/x86/kernel/fpu/xstate.c:517 fpu__init_system_xstate+0x38b/0x75a()
[    0.000000] XSAVE consistency problem, dumping leaves
[    0.000000] Modules linked in:
[    0.000000] CPU: 0 PID: 0 Comm: swapper Not tainted 4.4.0-93-generic #116-Ubuntu
[    0.000000]  0000000000000086 35456be9464cba63 ffffffff81e03d80 ffffffff813f9f83
[    0.000000]  ffffffff81e03dc8 ffffffff81caa428 ffffffff81e03db8 ffffffff810812f2
[    0.000000]  ffffffff81e03e48 ffffffff81e03e4c 0000000000000008 0000000000000100
[    0.000000] Call Trace:
[    0.000000]  [<ffffffff813f9f83>] dump_stack+0x63/0x90
[    0.000000]  [<ffffffff810812f2>] warn_slowpath_common+0x82/0xc0
[    0.000000]  [<ffffffff8108138c>] warn_slowpath_fmt+0x5c/0x80
[    0.000000]  [<ffffffff8107d000>] ? xfeature_size+0x59/0x77
[    0.000000]  [<ffffffff81f6e20b>] fpu__init_system_xstate+0x38b/0x75a
[    0.000000]  [<ffffffff81f5e120>] ? early_idt_handler_array+0x120/0x120
[    0.000000]  [<ffffffff81f6db76>] fpu__init_system+0x10d/0x245
[    0.000000]  [<ffffffff81f6ec7f>] early_cpu_init+0x139/0x13e
[    0.000000]  [<ffffffff81f6ec7f>] ? early_cpu_init+0x139/0x13e
[    0.000000]  [<ffffffff81f6a181>] setup_arch+0xb4/0xcf6
[    0.000000]  [<ffffffff81f5e120>] ? early_idt_handler_array+0x120/0x120
[    0.000000]  [<ffffffff81f5ec74>] start_kernel+0xe4/0x4a2
[    0.000000]  [<ffffffff81f5e120>] ? early_idt_handler_array+0x120/0x120
[    0.000000]  [<ffffffff81f5e339>] x86_64_start_reservations+0x2a/0x2c
[    0.000000]  [<ffffffff81f5e485>] x86_64_start_kernel+0x14a/0x16d
[    0.000000] ---[ end trace 4d5ff9f2f68c4233 ]---
[    0.000000] CPUID[0d, 00]: eax=00000007 ebx=00000440 ecx=00000440 edx=00000000
[    0.000000] CPUID[0d, 01]: eax=00000000 ebx=000003c0 ecx=00000000 edx=00000000
[    0.000000] CPUID[0d, 02]: eax=00000100 ebx=00000240 ecx=00000000 edx=00000000
[    0.000000] CPUID[0d, 03]: eax=00000000 ebx=00000000 ecx=00000000 edx=00000000
[    0.000000] CPUID[0d, 04]: eax=00000000 ebx=00000000 ecx=00000000 edx=00000000
[    0.000000] CPUID[0d, 05]: eax=00000000 ebx=00000000 ecx=00000000 edx=00000000
[    0.000000] CPUID[0d, 06]: eax=00000000 ebx=00000000 ecx=00000000 edx=00000000
[    0.000000] CPUID[0d, 07]: eax=00000000 ebx=00000000 ecx=00000000 edx=00000000
[    0.000000] CPUID[0d, 08]: eax=00000000 ebx=00000000 ecx=00000000 edx=00000000
[    0.000000] CPUID[0d, 09]: eax=00000000 ebx=00000000 ecx=00000000 edx=00000000
[    0.000000] CPUID[0d, 0a]: eax=00000000 ebx=00000000 ecx=00000000 edx=00000000
[    0.000000] CPUID[0d, 0b]: eax=00000000 ebx=00000000 ecx=00000000 edx=00000000
[    0.000000] CPUID[0d, 0c]: eax=00000000 ebx=00000000 ecx=00000000 edx=00000000
[    0.000000] CPUID[0d, 0d]: eax=00000000 ebx=00000000 ecx=00000000 edx=00000000
[    0.000000] CPUID[0d, 0e]: eax=00000000 ebx=00000000 ecx=00000000 edx=00000000
[    0.000000] CPUID[0d, 0f]: eax=00000000 ebx=00000000 ecx=00000000 edx=00000000
[    0.000000] CPUID[0d, 10]: eax=00000000 ebx=00000000 ecx=00000000 edx=00000000
[    0.000000] CPUID[0d, 11]: eax=00000000 ebx=00000000 ecx=00000000 edx=00000000
[    0.000000] x86/fpu: xstate_offset[2]:  576, xstate_sizes[2]:  256
[    0.000000] x86/fpu: Supporting XSAVE feature 0x01: 'x87 floating point registers'
[    0.000000] x86/fpu: Supporting XSAVE feature 0x02: 'SSE registers'
[    0.000000] x86/fpu: Supporting XSAVE feature 0x04: 'AVX registers'
[    0.000000] x86/fpu: Enabled xstate features 0x7, context size is 1088 bytes, using 'standard' format.
[    0.000000] x86/fpu: Using 'lazy' FPU context switches.
[    0.000000] e820: BIOS-provided physical RAM map:
[    0.000000] BIOS-e820: [mem 0x0000000000000000-0x000000000009fbff] usable
[    0.000000] BIOS-e820: [mem 0x000000000009fc00-0x000000000009ffff] reserved
[    0.000000] BIOS-e820: [mem 0x00000000000f0000-0x00000000000fffff] reserved
[    0.000000] BIOS-e820: [mem 0x0000000000100000-0x000000003ffeffff] usable
[    0.000000] BIOS-e820: [mem 0x000000003fff0000-0x000000003fffffff] ACPI data
[    0.000000] BIOS-e820: [mem 0x00000000fec00000-0x00000000fec00fff] reserved
[    0.000000] BIOS-e820: [mem 0x00000000fee00000-0x00000000fee00fff] reserved
[    0.000000] BIOS-e820: [mem 0x00000000fffc0000-0x00000000ffffffff] reserved
[    0.000000] NX (Execute Disable) protection: active
[    0.000000] SMBIOS 2.5 present.
[    0.000000] Hypervisor detected: KVM
[    0.000000] e820: last_pfn = 0x3fff0 max_arch_pfn = 0x400000000
[    0.000000] MTRR: Disabled
[    0.000000] x86/PAT: MTRRs disabled, skipping PAT initialization too.
[    0.000000] CPU MTRRs all blank - virtualized system.
[    0.000000] x86/PAT: Configuration [0-7]: WB  WT  UC- UC  WB  WT  UC- UC  
[    0.000000] found SMP MP-table at [mem 0x0009fff0-0x0009ffff] mapped at [ffff88000009fff0]
[    0.000000] Scanning 1 areas for low memory corruption
[    0.000000] RAMDISK: [mem 0x36ac4000-0x37559fff]
[    0.000000] ACPI: Early table checksum verification disabled
[    0.000000] ACPI: RSDP 0x00000000000E0000 000024 (v02 VBOX  )
[    0.000000] ACPI: XSDT 0x000000003FFF0030 00003C (v01 VBOX   VBOXXSDT 00000001 ASL  00000061)
[    0.000000] ACPI: FACP 0x000000003FFF00F0 0000F4 (v04 VBOX   VBOXFACP 00000001 ASL  00000061)
[    0.000000] ACPI: DSDT 0x000000003FFF0470 0021C8 (v02 VBOX   VBOXBIOS 00000002 INTL 20100528)
[    0.000000] ACPI: FACS 0x000000003FFF0200 000040
[    0.000000] ACPI: FACS 0x000000003FFF0200 000040
[    0.000000] ACPI: APIC 0x000000003FFF0240 00005C (v02 VBOX   VBOXAPIC 00000001 ASL  00000061)
[    0.000000] ACPI: SSDT 0x000000003FFF02A0 0001CC (v01 VBOX   VBOXCPUT 00000002 INTL 20100528)
[    0.000000] No NUMA configuration found
[    0.000000] Faking a node at [mem 0x0000000000000000-0x000000003ffeffff]
[    0.000000] NODE_DATA(0) allocated [mem 0x3ffeb000-0x3ffeffff]
[    0.000000] kvm-clock: Using msrs 4b564d01 and 4b564d00
[    0.000000] kvm-clock: cpu 0, msr 0:3ffe3001, primary cpu clock
[    0.000000] kvm-clock: using sched offset of 10643115774 cycles
[    0.000000] clocksource: kvm-clock: mask: 0xffffffffffffffff max_cycles: 0x1cd42e4dffb, max_idle_ns: 881590591483 ns
[    0.000000] Zone ranges:
[    0.000000]   DMA      [mem 0x0000000000001000-0x0000000000ffffff]
[    0.000000]   DMA32    [mem 0x0000000001000000-0x000000003ffeffff]
[    0.000000]   Normal   empty
[    0.000000]   Device   empty
[    0.000000] Movable zone start for each node
[    0.000000] Early memory node ranges
[    0.000000]   node   0: [mem 0x0000000000001000-0x000000000009efff]
[    0.000000]   node   0: [mem 0x0000000000100000-0x000000003ffeffff]
[    0.000000] Initmem setup node 0 [mem 0x0000000000001000-0x000000003ffeffff]
[    0.000000] ACPI: PM-Timer IO Port: 0x4008
[    0.000000] IOAPIC[0]: apic_id 2, version 32, address 0xfec00000, GSI 0-23
[    0.000000] ACPI: INT_SRC_OVR (bus 0 bus_irq 0 global_irq 2 dfl dfl)
[    0.000000] ACPI: INT_SRC_OVR (bus 0 bus_irq 9 global_irq 9 high level)
[    0.000000] Using ACPI (MADT) for SMP configuration information
[    0.000000] smpboot: Allowing 2 CPUs, 0 hotplug CPUs
[    0.000000] PM: Registered nosave memory: [mem 0x00000000-0x00000fff]
[    0.000000] PM: Registered nosave memory: [mem 0x0009f000-0x0009ffff]
[    0.000000] PM: Registered nosave memory: [mem 0x000a0000-0x000effff]
[    0.000000] PM: Registered nosave memory: [mem 0x000f0000-0x000fffff]
[    0.000000] e820: [mem 0x40000000-0xfebfffff] available for PCI devices
[    0.000000] Booting paravirtualized kernel on KVM
[    0.000000] clocksource: refined-jiffies: mask: 0xffffffff max_cycles: 0xffffffff, max_idle_ns: 7645519600211568 ns
[    0.000000] setup_percpu: NR_CPUS:512 nr_cpumask_bits:512 nr_cpu_ids:2 nr_node_ids:1
[    0.000000] PERCPU: Embedded 34 pages/cpu @ffff88003fc00000 s98328 r8192 d32744 u1048576
[    0.000000] PV qspinlock hash table entries: 256 (order: 0, 4096 bytes)
[    0.000000] Built 1 zonelists in Node order, mobility grouping on.  Total pages: 257913
[    0.000000] Policy zone: DMA32
[    0.000000] Kernel command line: BOOT_IMAGE=/boot/vmlinuz-4.4.0-93-generic root=LABEL=cloudimg-rootfs ro console=tty1 console=ttyS0
[    0.000000] PID hash table entries: 4096 (order: 3, 32768 bytes)
[    0.000000] Memory: 1001724K/1048120K available (8479K kernel code, 1294K rwdata, 3984K rodata, 1492K init, 1316K bss, 46396K reserved, 0K cma-reserved)
[    0.000000] SLUB: HWalign=64, Order=0-3, MinObjects=0, CPUs=2, Nodes=1
[    0.000000] Hierarchical RCU implementation.
[    0.000000] 	Build-time adjustment of leaf fanout to 64.
[    0.000000] 	RCU restricting CPUs from NR_CPUS=512 to nr_cpu_ids=2.
[    0.000000] RCU: Adjusting geometry for rcu_fanout_leaf=64, nr_cpu_ids=2
[    0.000000] NR_IRQS:33024 nr_irqs:440 16
[    0.000000] Console: colour VGA+ 80x25
[    0.000000] console [tty1] enabled
[    0.000000] console [ttyS0] enabled
[    0.000000] tsc: Detected 2591.996 MHz processor
[    4.658556] Calibrating delay loop (skipped) preset value.. 5183.99 BogoMIPS (lpj=10367984)
[    4.705613] pid_max: default: 32768 minimum: 301
[    4.727821] ACPI: Core revision 20150930
[    4.748222] ACPI: 2 ACPI AML tables successfully acquired and loaded
[    4.781435] Security Framework initialized
[    4.801266] Yama: becoming mindful.
[    4.819235] AppArmor: AppArmor initialized
[    4.840002] Dentry cache hash table entries: 131072 (order: 8, 1048576 bytes)
[    4.870805] Inode-cache hash table entries: 65536 (order: 7, 524288 bytes)
[    4.906901] Mount-cache hash table entries: 2048 (order: 2, 16384 bytes)
[    4.937614] Mountpoint-cache hash table entries: 2048 (order: 2, 16384 bytes)
[    4.972277] Initializing cgroup subsys io
[    4.993640] Initializing cgroup subsys memory
[    5.016873] Initializing cgroup subsys devices
[    5.040986] Initializing cgroup subsys freezer
[    5.062032] Initializing cgroup subsys net_cls
[    5.083567] Initializing cgroup subsys perf_event
[    5.105041] Initializing cgroup subsys net_prio
[    5.126502] Initializing cgroup subsys hugetlb
[    5.147973] Initializing cgroup subsys pids
[    5.168689] CPU: Physical Processor ID: 0
[    5.189409] CPU: Processor Core ID: 0
[    5.210192] mce: CPU supports 0 MCE banks
[    5.231743] Last level iTLB entries: 4KB 64, 2MB 8, 4MB 8
[    5.255253] Last level dTLB entries: 4KB 64, 2MB 0, 4MB 0, 1GB 4
[    5.313010] Freeing SMP alternatives memory: 32K (ffffffff820ba000 - ffffffff820c2000)
[    5.702733] ftrace: allocating 32136 entries in 126 pages
[    6.287199] smpboot: APIC(0) Converting physical 0 to logical package 0
[    6.316003] smpboot: Max logical packages: 1
[    6.342529] x2apic enabled
[    6.363405] Switched APIC routing to physical x2apic.
[    6.409692] ..TIMER: vector=0x30 apic1=0 pin1=2 apic2=-1 pin2=-1
[    6.543370] smpboot: CPU0: Intel(R) Core(TM) i7-6700HQ CPU @ 2.60GHz (family: 0x6, model: 0x5e, stepping: 0x3)
[    6.593988] Performance Events: unsupported p6 CPU model 94 no PMU driver, software events only.
[    6.639894] KVM setup paravirtual spinlock
[    6.660111] x86: Booting SMP configuration:
[    6.679680] .... node  #0, CPUs:      #1
[    6.701140] kvm-clock: cpu 1, msr 0:3ffe3041, secondary cpu clock
[    6.726550] mce: CPU supports 0 MCE banks
[    6.741275] x86: Booted up 1 node, 2 CPUs
[    6.770394] smpboot: Total of 2 processors activated (10367.98 BogoMIPS)
[    6.808698] devtmpfs: initialized
[    6.827668] evm: security.selinux
[    6.846062] evm: security.SMACK64
[    6.864783] evm: security.SMACK64EXEC
[    6.882749] evm: security.SMACK64TRANSMUTE
[    6.902996] evm: security.SMACK64MMAP
[    6.922005] evm: security.ima
[    6.938097] evm: security.capability
[    6.957862] clocksource: jiffies: mask: 0xffffffff max_cycles: 0xffffffff, max_idle_ns: 7645041785100000 ns
[    7.001582] futex hash table entries: 512 (order: 3, 32768 bytes)
[    7.029490] pinctrl core: initialized pinctrl subsystem
[    7.055245] RTC time:  4:27:31, date: 09/11/17
[    7.080416] NET: Registered protocol family 16
[    7.114064] cpuidle: using governor ladder
[    7.144751] cpuidle: using governor menu
[    7.163145] PCCT header not found.
[    7.181825] ACPI: bus type PCI registered
[    7.201746] acpiphp: ACPI Hot Plug PCI Controller Driver version: 0.5
[    7.229878] PCI: Using configuration type 1 for base access
[    7.270454] ACPI: Added _OSI(Module Device)
[    7.290922] ACPI: Added _OSI(Processor Device)
[    7.313402] ACPI: Added _OSI(3.0 _SCP Extensions)
[    7.335819] ACPI: Added _OSI(Processor Aggregator Device)
[    7.366381] ACPI: Executed 1 blocks of module-level executable AML code
[    7.407367] ACPI: Interpreter enabled
[    7.425500] ACPI: (supports S0 S5)
[    7.443353] ACPI: Using IOAPIC for interrupt routing
[    7.466409] PCI: Using host bridge windows from ACPI; if necessary, use "pci=nocrs" and report a bug
[    7.530395] ACPI: PCI Root Bridge [PCI0] (domain 0000 [bus 00-ff])
[    7.559094] acpi PNP0A03:00: _OSC: OS supports [ASPM ClockPM Segments MSI]
[    7.587968] acpi PNP0A03:00: _OSC failed (AE_NOT_FOUND); disabling ASPM
[    7.616986] acpi PNP0A03:00: fail to add MMCONFIG information, can't access extended PCI configuration space under this bridge.
[    7.670655] PCI host bridge to bus 0000:00
[    7.692218] pci_bus 0000:00: root bus resource [io  0x0000-0x0cf7 window]
[    7.721957] pci_bus 0000:00: root bus resource [io  0x0d00-0xffff window]
[    7.752340] pci_bus 0000:00: root bus resource [mem 0x000a0000-0x000bffff window]
[    7.789029] pci_bus 0000:00: root bus resource [mem 0x40000000-0xffdfffff window]
[    7.828766] pci_bus 0000:00: root bus resource [bus 00-ff]
[    7.899530] pci 0000:00:01.1: legacy IDE quirk: reg 0x10: [io  0x01f0-0x01f7]
[    7.929944] pci 0000:00:01.1: legacy IDE quirk: reg 0x14: [io  0x03f6]
[    7.959183] pci 0000:00:01.1: legacy IDE quirk: reg 0x18: [io  0x0170-0x0177]
[    7.988316] pci 0000:00:01.1: legacy IDE quirk: reg 0x1c: [io  0x0376]
[    8.174176] pci 0000:00:07.0: quirk: [io  0x4000-0x403f] claimed by PIIX4 ACPI
[    8.210967] pci 0000:00:07.0: quirk: [io  0x4100-0x410f] claimed by PIIX4 SMB
[    8.294787] ACPI: PCI Interrupt Link [LNKA] (IRQs 5 9 10 *11)
[    8.335853] ACPI: PCI Interrupt Link [LNKB] (IRQs 5 9 10 *11)
[    8.375476] ACPI: PCI Interrupt Link [LNKC] (IRQs 5 9 *10 11)
[    8.414107] ACPI: PCI Interrupt Link [LNKD] (IRQs 5 *9 10 11)
[    8.456727] ACPI: Enabled 2 GPEs in block 00 to 07
[    8.488011] vgaarb: setting as boot device: PCI:0000:00:02.0
[    8.515190] vgaarb: device added: PCI:0000:00:02.0,decodes=io+mem,owns=io+mem,locks=none
[    8.554033] vgaarb: loaded
[    8.570180] vgaarb: bridge control possible 0000:00:02.0
[    8.596116] SCSI subsystem initialized
[    8.616672] ACPI: bus type USB registered
[    8.637680] usbcore: registered new interface driver usbfs
[    8.665647] usbcore: registered new interface driver hub
[    8.690164] usbcore: registered new device driver usb
[    8.716162] PCI: Using ACPI for IRQ routing
[    8.743917] NetLabel: Initializing
[    8.761769] NetLabel:  domain hash size = 128
[    8.783288] NetLabel:  protocols = UNLABELED CIPSOv4
[    8.806757] NetLabel:  unlabeled traffic allowed by default
[    8.834163] amd_nb: Cannot enumerate AMD northbridges
[    8.857402] clocksource: Switched to clocksource kvm-clock
[    8.902666] AppArmor: AppArmor Filesystem Enabled
[    8.925728] pnp: PnP ACPI init
[    8.951974] pnp: PnP ACPI: found 3 devices
[    9.027067] clocksource: acpi_pm: mask: 0xffffff max_cycles: 0xffffff, max_idle_ns: 2085701024 ns
[    9.067012] NET: Registered protocol family 2
[    9.089688] TCP established hash table entries: 8192 (order: 4, 65536 bytes)
[    9.121935] TCP bind hash table entries: 8192 (order: 5, 131072 bytes)
[    9.150492] TCP: Hash tables configured (established 8192 bind 8192)
[    9.177437] UDP hash table entries: 512 (order: 2, 16384 bytes)
[    9.202281] UDP-Lite hash table entries: 512 (order: 2, 16384 bytes)
[    9.228946] NET: Registered protocol family 1
[    9.250706] pci 0000:00:00.0: Limiting direct PCI/PCI transfers
[    9.278179] pci 0000:00:01.0: Activating ISA DMA hang workarounds
[    9.312744] Unpacking initramfs...
[   11.822517] Freeing initrd memory: 10840K (ffff880036ac4000 - ffff88003755a000)
[   11.858515] platform rtc_cmos: registered platform RTC device (no PNP device found)
[   11.894821] Scanning for low memory corruption every 60 seconds
[   11.921344] audit: initializing netlink subsys (disabled)
[   11.946735] audit: type=2000 audit(1505104060.939:1): initialized
[   11.973090] Initialise system trusted keyring
[   11.995439] HugeTLB registered 2 MB page size, pre-allocated 0 pages
[   12.026947] zbud: loaded
[   12.042027] VFS: Disk quotas dquot_6.6.0
[   12.062640] VFS: Dquot-cache hash table entries: 512 (order 0, 4096 bytes)
[   12.093232] squashfs: version 4.0 (2009/01/31) Phillip Lougher
[   12.124467] fuse init (API version 7.23)
[   12.146016] Key type big_key registered
[   12.169069] Allocating IMA MOK and blacklist keyrings.
[   12.206783] Key type asymmetric registered
[   12.226734] Asymmetric key parser 'x509' registered
[   12.248933] Block layer SCSI generic (bsg) driver version 0.4 loaded (major 249)
[   12.289225] io scheduler noop registered
[   12.309334] io scheduler deadline registered (default)
[   12.333660] io scheduler cfq registered
[   12.353326] pci_hotplug: PCI Hot Plug PCI Core version: 0.5
[   12.378103] pciehp: PCI Express Hot Plug Controller Driver version: 0.4
[   12.407041] ACPI: AC Adapter [AC] (on-line)
[   12.429658] input: Power Button as /devices/LNXSYSTM:00/LNXPWRBN:00/input/input0
[   12.465226] ACPI: Power Button [PWRF]
[   12.485125] input: Sleep Button as /devices/LNXSYSTM:00/LNXSLPBN:00/input/input1
[   12.521387] ACPI: Sleep Button [SLPF]
[   12.541842] GHES: HEST is not enabled!
[   12.549273] ACPI: Battery Slot [BAT0] (battery present)
[   12.586575] Serial: 8250/16550 driver, 32 ports, IRQ sharing enabled
[   12.693418] 00:02: ttyS0 at I/O 0x3f8 (irq = 4, base_baud = 115200) is a 16550A
[   12.732492] Linux agpgart interface v0.103
[   12.758932] loop: module loaded
[   12.781702] scsi host0: ata_piix
[   12.799900] scsi host1: ata_piix
[   12.817143] ata1: PATA max UDMA/33 cmd 0x1f0 ctl 0x3f6 bmdma 0xd000 irq 14
[   12.844845] ata2: PATA max UDMA/33 cmd 0x170 ctl 0x376 bmdma 0xd008 irq 15
[   12.875443] libphy: Fixed MDIO Bus: probed
[   12.896302] tun: Universal TUN/TAP device driver, 1.6
[   12.918448] tun: (C) 1999-2004 Max Krasnyansky <maxk@qualcomm.com>
[   12.945639] PPP generic driver version 2.4.2
[   12.966837] ehci_hcd: USB 2.0 'Enhanced' Host Controller (EHCI) Driver
[   12.996119] ehci-pci: EHCI PCI platform driver
[   13.017133] ehci-platform: EHCI generic platform driver
[   13.041684] ohci_hcd: USB 1.1 'Open' Host Controller (OHCI) Driver
[   13.068025] ohci-pci: OHCI PCI platform driver
[   13.089886] ohci-platform: OHCI generic platform driver
[   13.115001] uhci_hcd: USB Universal Host Controller Interface driver
[   13.143227] i8042: PNP: PS/2 Controller [PNP0303:PS2K,PNP0f03:PS2M] at 0x60,0x64 irq 1,12
[   13.189208] serio: i8042 KBD port at 0x60,0x64 irq 1
[   13.213426] serio: i8042 AUX port at 0x60,0x64 irq 12
[   13.240539] mousedev: PS/2 mouse device common for all mice
[   13.273026] rtc_cmos rtc_cmos: rtc core: registered rtc_cmos as rtc0
[   13.302689] input: AT Translated Set 2 keyboard as /devices/platform/i8042/serio0/input/input2
[   13.305789] rtc_cmos rtc_cmos: alarms up to one day, 114 bytes nvram
[   13.305803] i2c /dev entries driver
[   13.305968] device-mapper: uevent: version 1.0.3
[   13.343474] device-mapper: ioctl: 4.34.0-ioctl (2015-10-28) initialised: dm-devel@redhat.com
[   13.343746] ledtrig-cpu: registered to indicate activity on CPUs
[   13.344883] NET: Registered protocol family 10
[   13.345545] NET: Registered protocol family 17
[   13.345553] Key type dns_resolver registered
[   13.345846] microcode: CPU0 sig=0x506e3, pf=0x2, revision=0x0
[   13.373291] microcode: CPU1 sig=0x506e3, pf=0x2, revision=0x0
[   13.373348] microcode: Microcode Update Driver: v2.01 <tigran@aivazian.fsnet.co.uk>, Peter Oruba
[   13.373765] registered taskstats version 1
[   13.373777] Loading compiled-in X.509 certificates
[   13.374760] Loaded X.509 cert 'Build time autogenerated kernel key: a6f98c496ad22cf23b77f8fe21ff88c41791cbd4'
[   13.374790] zswap: loaded using pool lzo/zbud
[   13.377215] Key type trusted registered
[   13.381377] Key type encrypted registered
[   13.381382] AppArmor: AppArmor sha1 policy hashing enabled
[   13.381384] ima: No TPM chip found, activating TPM-bypass!
[   13.381400] evm: HMAC attrs: 0x1
[   13.384912]   Magic number: 1:193:464
[   13.393913] rtc_cmos rtc_cmos: setting system clock to 2017-09-11 04:27:38 UTC (1505104058)
[   13.394017] BIOS EDD facility v0.16 2004-Jun-25, 0 devices found
[   13.394017] EDD information not available.
[   14.204478] Freeing unused kernel memory: 1492K (ffffffff81f45000 - ffffffff820ba000)
[   14.241616] Write protecting the kernel read-only data: 14336k
[   14.273903] Freeing unused kernel memory: 1748K (ffff88000184b000 - ffff880001a00000)
[   14.321325] Freeing unused kernel memory: 112K (ffff880001de4000 - ffff880001e00000)
Loading, please wait...
starting version[   14.399370] random: udevadm: uninitialized urandom read (16 bytes read, 7 bits of entropy available)
 229
[   14.427819] random: systemd-udevd: uninitialized urandom read (16 bytes read, 7 bits of entropy available)
[   14.427875] random: systemd-udevd: uninitialized urandom read (16 bytes read, 7 bits of entropy available)
[   14.427883] random: systemd-udevd: uninitialized urandom read (16 bytes read, 7 bits of entropy available)
[   14.427893] random: systemd-udevd: uninitialized urandom read (16 bytes read, 7 bits of entropy available)
[   14.614828] random: udevadm: uninitialized urandom read (16 bytes read, 7 bits of entropy available)
[   14.659123] random: udevadm: uninitialized urandom read (16 bytes read, 7 bits of entropy available)
[   14.701172] random: udevadm: uninitialized urandom read (16 bytes read, 7 bits of entropy available)
[   14.741488] random: udevadm: uninitialized urandom read (16 bytes read, 7 bits of entropy available)
[   14.783670] random: udevadm: uninitialized urandom read (16 bytes read, 7 bits of entropy available)
[   14.867256] e1000: Intel(R) PRO/1000 Network Driver - version 7.3.21-k8-NAPI
[   14.898818] e1000: Copyright (c) 1999-2006 Intel Corporation.
[   14.932200] Fusion MPT base driver 3.04.20
[   14.953301] Copyright (c) 1999-2008 LSI Corporation
[   15.030346] Fusion MPT SPI Host driver 3.04.20
[   15.092151] AVX version of gcm_enc/dec engaged.
[   15.118420] AES CTR mode by8 optimization enabled
[   15.266838] input: ImExPS/2 Generic Explorer Mouse as /devices/platform/i8042/serio1/input/input4
[   16.997427] e1000 0000:00:03.0 eth0: (PCI:33MHz:32-bit) 02:04:e4:df:e4:d8
[   17.025520] e1000 0000:00:03.0 eth0: Intel(R) PRO/1000 Network Connection
[   17.063701] e1000 0000:00:03.0 enp0s3: renamed from eth0
[   17.066025] mptbase: ioc0: Initiating bringup
[   17.165951] ioc0: LSI53C1030 A0: Capabilities={Initiator}
[   17.411797] scsi host2: ioc0: LSI53C1030 A0, FwRev=00000000h, Ports=1, MaxQ=256, IRQ=20
[   17.568077] scsi 2:0:0:0: Direct-Access     VBOX     HARDDISK         1.0  PQ: 0 ANSI: 5
[   17.625267] scsi target2:0:0: Beginning Domain Validation
[   17.660994] scsi target2:0:0: Domain Validation skipping write tests
[   17.687047] scsi target2:0:0: Ending Domain Validation
[   17.712057] scsi target2:0:0: asynchronous
[   17.734829] scsi 2:0:1:0: Direct-Access     VBOX     HARDDISK         1.0  PQ: 0 ANSI: 5
[   17.771316] scsi target2:0:1: Beginning Domain Validation
[   17.806453] scsi target2:0:1: Domain Validation skipping write tests
[   17.833098] scsi target2:0:1: Ending Domain Validation
[   17.855783] scsi target2:0:1: asynchronous
[   17.926394] sd 2:0:0:0: Attached scsi generic sg0 type 0
[   17.951045] sd 2:0:0:0: [sda] 20971520 512-byte logical blocks: (10.7 GB/10.0 GiB)
[   17.952276] sd 2:0:1:0: [sdb] 20480 512-byte logical blocks: (10.5 MB/10.0 MiB)
[   17.952798] sd 2:0:1:0: Attached scsi generic sg1 type 0
[   17.954790] sd 2:0:1:0: [sdb] Write Protect is off
[   17.955423] sd 2:0:1:0: [sdb] Incomplete mode parameter data
[   17.955424] sd 2:0:1:0: [sdb] Assuming drive cache: write through
[   17.963839] sd 2:0:1:0: [sdb] Attached SCSI disk
[   18.073831] floppy0: no floppy controllers found
[   18.074509] work still pending
[   18.194898] sd 2:0:0:0: [sda] Write Protect is off
[   18.221982] sd 2:0:0:0: [sda] Incomplete mode parameter data
[   18.246649] sd 2:0:0:0: [sda] Assuming drive cache: write through
[   18.283950]  sda: sda1
[   18.305091] sd 2:0:0:0: [sda] Attached SCSI disk
Begin: Loading essential drivers ... [   25.369442] md: linear personality registered for level -1
[   25.402985] md: multipath personality registered for level -4
[   25.437031] md: raid0 personality registered for level 0
[   25.471422] md: raid1 personality registered for level 1
[   25.578093] raid6: sse2x1   gen()  6751 MB/s
[   25.665820] raid6: sse2x1   xor()  4337 MB/s
[   25.754412] raid6: sse2x2   gen()  8236 MB/s
[   25.841532] raid6: sse2x2   xor()  5224 MB/s
[   25.930254] raid6: sse2x4   gen()  8744 MB/s
[   26.017507] raid6: sse2x4   xor()  5486 MB/s
[   26.037973] raid6: using algorithm sse2x4 gen() 8744 MB/s
[   26.063488] raid6: .... xor() 5486 MB/s, rmw enabled
[   26.087078] raid6: using ssse3x2 recovery algorithm
[   26.115058] xor: automatically using best checksumming function:
[   26.185580]    avx       : 16552.000 MB/sec
[   26.213069] async_tx: api initialized (async)
[   26.266036] md: raid6 personality registered for level 6
[   26.289568] md: raid5 personality registered for level 5
[   26.312999] md: raid4 personality registered for level 4
[   26.353126] md: raid10 personality registered for level 10
done.
Begin: Running /scripts/init-premount ... done.
Begin: Mounting root file system ... Begin: Running /scripts/local-top ... done.
Begin: Running /scripts/local-premount ... [   26.505224] Btrfs loaded
Scanning for Btrfs filesystems
done.
Warning: fsck not present, so skipping root file system
[   26.624287] EXT4-fs (sda1): mounted filesystem with ordered data mode. Opts: (null)
done.
Begin: Running /scripts/local-bottom ... done.
Begin: Running /scripts/init-bottom ... done.
[   26.907772] systemd[1]: systemd 229 running in system mode. (+PAM +AUDIT +SELINUX +IMA +APPARMOR +SMACK +SYSVINIT +UTMP +LIBCRYPTSETUP +GCRYPT +GNUTLS +ACL +XZ -LZ4 +SECCOMP +BLKID +ELFUTILS +KMOD -IDN)
[   26.983328] systemd[1]: Detected virtualization oracle.
[   27.008123] systemd[1]: Detected architecture x86-64.

Welcome to [1mUbuntu 16.04.3 LTS[0m!

[   27.067645] systemd[1]: Set hostname to <ubuntu-xenial>.
[   27.384526] systemd[1]: Listening on Journal Socket (/dev/log).
[[0;32m  OK  [0m] Listening on Journal Socket (/dev/log).
[   27.440676] systemd[1]: Reached target Encrypted Volumes.
[[0;32m  OK  [0m] Reached target Encrypted Volumes.
[   27.495686] systemd[1]: Listening on /dev/initctl Compatibility Named Pipe.
[[0;32m  OK  [0m] Listening on /dev/initctl Compatibility Named Pipe.
[   27.560033] systemd[1]: Set up automount Arbitrary Executable File Formats File System Automount Point.
[[0;32m  OK  [0m] Set up automount Arbitrary Executab...ats File System Automount Point.
[   27.641077] systemd[1]: Listening on Journal Socket.
[[0;32m  OK  [0m] Listening on Journal Socket.
[   27.695367] systemd[1]: Listening on udev Kernel Socket.
[[0;32m  OK  [0m] Listening on udev Kernel Socket.
[   27.750956] systemd[1]: Started Trigger resolvconf update for networkd DNS.
[[0;32m  OK  [0m] Started Trigger resolvconf update for networkd DNS.
[   27.815115] systemd[1]: Listening on LVM2 poll daemon socket.
[[0;32m  OK  [0m[   27.855452] random: nonblocking pool is initialized
] Listening on LVM2 poll daemon socket.
[   27.895990] systemd[1]: Listening on Journal Audit Socket.
[[0;32m  OK  [0m] Listening on Journal Audit Socket.
[   27.949956] systemd[1]: Listening on udev Control Socket.
[[0;32m  OK  [0m] Listening on udev Control Socket.
[   28.004860] systemd[1]: Listening on Syslog Socket.
[[0;32m  OK  [0m] Listening on Syslog Socket.
[   28.057056] systemd[1]: Created slice User and Session Slice.
[[0;32m  OK  [0m] Created slice User and Session Slice.
[   28.115737] systemd[1]: Started Forward Password Requests to Wall Directory Watch.
[[0;32m  OK  [0m] Started Forward Password Requests to Wall Directory Watch.
[   28.189566] systemd[1]: Reached target User and Group Name Lookups.
[[0;32m  OK  [0m] Reached target User and Group Name Lookups.
[   28.256277] systemd[1]: Reached target Swap.
[[0;32m  OK  [0m] Reached target Swap.
[   28.312001] systemd[1]: Listening on LVM2 metadata daemon socket.
[[0;32m  OK  [0m] Listening on LVM2 metadata daemon socket.
[   28.380662] systemd[1]: Listening on Device-mapper event daemon FIFOs.
[[0;32m  OK  [0m] Listening on Device-mapper event daemon FIFOs.
[   28.445668] systemd[1]: Created slice System Slice.
[[0;32m  OK  [0m] Created slice System Slice.
[   28.510427] systemd[1]: Mounting POSIX Message Queue File System...
         Mounting POSIX Message Queue File System...
[   28.573800] systemd[1]: Starting Journal Service...
         Starting Journal Service...
[   28.630113] systemd[1]: Mounting Huge Pages File System...
         Mounting Huge Pages File System...
[   28.680274] systemd[1]: Created slice system-serial\x2dgetty.slice.
[[0;32m  OK  [0m] Created slice system-serial\x2dgetty.slice.
[   28.739114] systemd[1]: Reached target Slices.
[[0;32m  OK  [0m] Reached target Slices.
[   28.798007] systemd[1]: Starting Monitoring of LVM2 mirrors, snapshots etc. using dmeventd or progress polling...
         Starting Monitoring of LVM2 mirrors... dmeventd or progress polling...
[   28.886480] systemd[1]: Mounting Debug File System...
         Mounting Debug File System...
[   28.932757] systemd[1]: Starting Uncomplicated firewall...
         Starting Uncomplicated firewall...
[   28.983402] systemd[1]: Starting Set console keymap...
         Starting Set console keymap...
[   29.054221] systemd[1]: Starting Load Kernel Modules...
         Starting Load Kernel Modules...
[   29.108888] Loading iSCSI transport class v2.0-870.
[   29.124234] systemd[1]: Starting Remount Root and Kernel File Systems...
[   29.132198] EXT4-fs (sda1): re-mounted. Opts: (null)
         Starting Remount Root and Kernel File Systems...
[   29.226162] iscsi: registered transport (tcp)
[   29.258299] systemd[1]: Starting Create list of required static device nodes for the current kernel...
         Starting Create list of required st... nodes for the current kernel...
[   29.350265] systemd[1]: Starting Nameserver information manager...
         Starting Nameserver information manager...
[   29.407586] systemd[1]: Mounted Huge Pages File System.
[[0;32m  OK  [0m] Mounted Huge Pages File System.
[   29.468692] iscsi: registered transport (iser)
[   29.469344] systemd[1]: Mounted POSIX Message Queue File System.
[[0;32m  OK  [0m] Mounted POSIX Message Queue File System.
[   29.552471] systemd[1]: Mounted Debug File System.
[[0;32m  OK  [0m] Mounted Debug File System.
[   29.603784] systemd[1]: Started Journal Service.
[[0;32m  OK  [0m] Started Journal Service.
[[0;32m  OK  [0m] Started Uncomplicated firewall.
[[0;32m  OK  [0m] Started Set console keymap.
[[0;32m  OK  [0m] Started Load Kernel Modules.
[[0;32m  OK  [0m] Started Remount Root and Kernel File Systems.
[[0;32m  OK  [0m] Started Create list of required sta...ce nodes for the current kernel.
[[0;32m  OK  [0m] Started Nameserver information manager.
[[0;32m  OK  [0m] Started LVM2 metadata daemon.
         Starting Create Static Device Nodes in /dev...
         Starting Load/Save Random Seed...
         Starting Initial cloud-init job (pre-networking)...
         Starting udev Coldplug all Devices...
         Mounting FUSE Control File System...
         Starting Apply Kernel Variables...
         Starting Flush Journal to Persistent Storage...
[[0;32m  OK  [0m] Mounted FUSE Control File System.
[[0;32m  OK  [0m] Started Create Static Device Nodes in /dev.
[[0;32m  OK  [0m] Started Load/Save Random Seed.
[[0;32m  OK  [0m] Started Apply Kernel Variables.
[[0;32m  OK  [0m] Started udev Coldplug all Devices.
[[0;32m  OK  [0m] Started Flush Journal to Persistent Storage.
         Starting udev Kernel Device Manager...
[[0;32m  OK  [0m] Started udev Kernel Device Manager.
[[0;32m  OK  [0m] Started Dispatch Password Requests to Console Directory Watch.
[[0;32m  OK  [0m] Started Monitoring of LVM2 mirrors,...ng dmeventd or progress polling.
[[0;32m  OK  [0m] Reached target Local File Systems (Pre).
[[0;32m  OK  [0m] Reached target Local File Systems.
         Starting Set console font and keymap...
         Starting Tell Plymouth To Write Out Runtime Data...
         Starting Create Volatile Files and Directories...
         Starting LSB: AppArmor initialization...
[[0;32m  OK  [0m] Started Tell Plymouth To Write Out Runtime Data.
[[0;32m  OK  [0m] Started Create Volatile Files and Directories.
         Starting Update UTMP about System Boot/Shutdown...
[[0;32m  OK  [0m] Reached target System Time Synchronized.
[   24.755823] [[0;32m  OK  [0mcloud-init] Started Update UTMP about System Boot/Shutdown.[452]: 
Cloud-init v. 0.7.9 running 'init-local' at Mon, 11 Sep 2017 04:27:57 +0000. Up 24.24 seconds.
[[0;32m  OK  [0m] Started LSB: AppArmor initialization.
[[0;32m  OK  [0m] Started Initial cloud-init job (pre-networking).
[[0;32m  OK  [0m] Found device /dev/ttyS0.
[[0;32m  OK  [0m] Listening on Load/Save RF Kill Switch Status /dev/rfkill Watch.
[[0;32m  OK  [0m] Reached target Network (Pre).
[[0;32m  OK  [0m] Started ifup for enp0s3.
         Starting Raise network interfaces...
[[0;32m  OK  [0m] Found device 82540EM Gigabit Ethern...r (PRO/1000 MT Desktop Adapter).
[[0;32m  OK  [0m] Started Set console font and keymap.
[[0;32m  OK  [0m] Created slice system-getty.slice.
[[0;32m  OK  [0m] Started Raise network interfaces.
[[0;32m  OK  [0m] Reached target Network.
         Starting Initial cloud-init job (metadata service crawler)...
[   42.280900] cloud-init[964]: Cloud-init v. 0.7.9 running 'init' at Mon, 11 Sep 2017 04:28:14 +0000. Up 41.94 seconds.
[   42.315204] cloud-init[964]: ci-info: +++++++++++++++++++++++++++++++++++++Net device info+++++++++++++++++++++++++++++++++++++
[   42.352379] cloud-init[964]: ci-info: +--------+------+---------------------------+---------------+-------+-------------------+
[   42.387835] cloud-init[964]: ci-info: | Device |  Up  |          Address          |      Mask     | Scope |     Hw-Address    |
[   42.423575] cloud-init[964]: ci-info: +--------+------+---------------------------+---------------+-------+-------------------+
[   42.462714] cloud-init[964]: ci-info: |   lo   | True |         127.0.0.1         |   255.0.0.0   |   .   |         .         |
[   42.501681] cloud-init[964]: ci-info: |   lo   | True |          ::1/128          |       .       |  host |         .         |
[[   42.541383] cloud-init[964]: ci-info: | enp0s3 | True |         10.0.2.15         | 255.255.255.0 |   .   | 02:04:e4:df:e4:d8 |
[   42.571912] [0;32m  OK  [0m] Started Initial cloud-init job (metadata service crawler).cloud-init
[[0;32m  OK  [0m[964]: ci-info: | enp0s3 | True | fe80::4:e4ff:fedf:e4d8/64 |       .       |  link | 02:04:e4:df:e4:d8 |] 
[   42.632026] Reached target System Initialization.
cloud-init[964]: ci-info: +--------+------+---------------------------+---------------+-------+-------------------+
[   42.680030] cloud-init[[0;32m  OK  [0m] Started Timer to automatically refresh installed snaps.
[964]:          Starting LXD - unix socket.
[[0;32m  OK  [0m] Listening on ACPID Listen Socket.
[[0;32m  OK  [0m] Started Daily Cleanup of Temporary Directories.
[[0;32m  OK  [0m] Listening on UUID daemon activation socket.
[[0;32m  OK  [0m] Listening on D-Bus System Message Bus Socket.
         Starting Socket activation for snappy daemon.
ci-info: +++++++++++++++++++++++++++Route IPv4 info++++++++++++++++++++++++++++
[[0;32m  OK  [0m] Started ACPI Events Check.
[[0;32m  OK  [0m] Reached target Paths.
[[0;32m  OK  [0m] Reached target Network is Online.
[[0;32m  OK  [0m] Started Daily apt download activities.
[[0;32m  OK  [0m] Started Daily apt upgrade and clean activities.
[[0;32m  OK  [0m] Reached target Timers.
[   42.813010] cloud-init[964]: ci-info: +-------+-------------+----------+---------------+-----------+-------+
[   42.981090]          Starting iSCSI initiator daemon (iscsid)...
[[0;32m  OK  [0m] Reached target Cloud-config availability.
[[0;32m  OK  [0m] Listening on LXD - unix socket.
[[0;32m  OK  [0m] Listening on Socket activation for snappy daemon.
[[0;32m  OK  [0m] Reached target Sockets.
[[0;32m  OK  [0m] Reached target Basic System.
cloud-init[[0;32m  OK  [0m] Started FUSE filesystem for LXC.
[964]:          Starting OpenBSD Secure Shell server...
         Starting Accounts Service...
[[0;32m  OK  [0m] Started Unattended Upgrades Shutdown.
         Starting Login Service...
[[0;32m  OK  [0m] Started Deferred execution scheduler.
         Starting LSB: Record successful boot for GRUB...
         Starting System Logging Service...
         Starting LSB: MD monitoring daemon...
ci-info: | Route | Destination | Gateway  |    Genmask    | Interface | Flags |[[0;32m  OK  [0m] Started Snappy daemon.
         
Starting Auto import assertions from block devices...
         Starting Apply the settings specified in cloud-config...
         Starting LXD - container startup/shutdown...
[[0;32m  OK  [0m] Started ACPI event daemon.
         Starting /etc/rc.local Compatibility...
[[0;32m  OK  [0m] Started D-Bus System Message Bus.
[   43.339749] cloud-init[964]: ci-info: +-------+-------------+----------+---------------+-----------+-------+
[[0;32m  OK  [0m] Started Regular background program processing daemon.
[[0;32m  OK  [0m] Started System Logging Service.
[[0;32m  OK  [0m] Started OpenBSD Secure Shell server.
[[0;32m  OK  [0m] Started /etc/rc.local Compatibility.
[   43.493089] cloud-init[964]: ci-info: |   0   |   0.0.0.0   | 10.0.2.2 |    0.0.0.0    |   enp0s3  |   UG  |
[[0;32m  OK  [0m] Started iSCSI initiator daemon (iscsid).
[[0;32m  OK  [0m] Started Auto import assertions from block devices.
[[0;32m  OK  [0m] Started LXD - container startup/shutdown.
[   43.638620] cloud-init[964]: ci-info: |   1   |   10.0.2.0  | 0.0.0.0  | 255.255.255.0 |   enp0s3  |   U   |
[[0;32m  OK  [0m] Started Login Service.
[[0;32m  OK  [0m] Started LSB: Record successful boot for GRUB.
         Starting Authenticate and Authorize Users to Run Privileged Tasks...
[   43.777596]          Starting Login to default iSCSI targets...cloud-init
[[0;32m  OK  [0m] Started LSB: MD monitoring daemon.[964]: 
ci-info: +-------+-------------+----------+---------------+-----------+-------+
[[0;32m  OK  [0m] Started Authenticate and Authorize Users to Run Privileged Tasks.
[[0;32m  OK  [0m] Started Login to default iSCSI targets.
[[0;32m  OK  [0m] Started Accounts Service.
[[0;32m  OK  [0m] Reached target Remote File Systems (Pre).
[[0;32m  OK  [0m] Reached target Remote File Systems.
         Starting LSB: daemon to balance interrupts for SMP systems...
         Starting LSB: VirtualBox Linux Additions...
         Starting Permit User Sessions...
         Starting LSB: Set the CPU Frequency Scaling governor to "ondemand"...
         Starting LSB: automatic crash report generation...
[[0;32m  OK  [0m] Started Permit User Sessions.
         Starting Hold until boot process finishes up...
         Starting Terminate Plymouth Boot Screen...
[[0;32m  OK  [0m] Started LSB: daemon to balance interrupts for SMP systems.
[[0;32m  OK  [0m] Started LSB: Set the CPU Frequency Scaling governor to "ondemand".
[[0;32m  OK  [0m] Started LSB: automatic crash report generation.
[[0;32m  OK  [0m] Started Hold until boot process finishes up.
[[0;32m  OK  [0m] Started Terminate Plymouth Boot Screen.
[[0;32m  OK  [0m] Started Serial Getty on ttyS0.
[[0;32m  OK  [0m] Started Getty on tty1.
[[0;32m  OK  [0m] Reached target Login Prompts.
         Starting Set console scheme...
[[0;32m  OK  [0m] Started LSB: VirtualBox Linux Additions.
[[0;32m  OK  [0m] Started Set console scheme.
[[0;32m  OK  [0m] Reached target Multi-User System.
[[0;32m  OK  [0m] Reached target Graphical Interface.
         Starting Update UTMP about System Runlevel Changes...
[[0;32m  OK  [0m] Started Update UTMP about System Runlevel Changes.
[   44.887811] cloud-init[1050]: Cloud-init v. 0.7.9 running 'modules:config' at Mon, 11 Sep 2017 04:28:17 +0000. Up 44.63 seconds.
[[0;32m  OK  [0m] Started Apply the settings specified in cloud-config.
         Starting Execute cloud user/final scripts...
[   45.558238] cloud-init[1217]: Cloud-init v. 0.7.9 running 'modules:final' at Mon, 11 Sep 2017 04:28:18 +0000. Up 45.40 seconds.
[   45.602558] cloud-init[1217]: Cloud-init v. 0.7.9 finished at Mon, 11 Sep 2017 04:28:18 +0000. Datasource DataSourceNoCloud [seed=/dev/sdb][dsmode=net].  Up 45.55 seconds
[[0;32m  OK  [0m] Started Execute cloud user/final scripts.
[[0;32m  OK  [0m] Reached target Cloud-init target.

Ubuntu 16.04.3 LTS ubuntu-xenial ttyS0

ubuntu-xenial login: 